<?xml version="1.0" encoding="UTF-8"?>
<!-- Generated by org.testng.reporters.JUnitReportReporter -->
<testsuite hostname="MDANI-LAP1" name="com.amazon.qa.test.CreateBestSellerHeadPhoneCart" tests="1" failures="0" timestamp="3 Jul 2019 04:27:15 GMT" time="77.526" errors="0">
  <testcase name="addAllBestSellerHeadphoneToCart" time="77.526" classname="com.amazon.qa.test.CreateBestSellerHeadPhoneCart"/>
</testsuite> <!-- com.amazon.qa.test.CreateBestSellerHeadPhoneCart -->
